Vivado Simulator 2019.1
Copyright 1986-1999, 2001-2019 Xilinx, Inc. All Rights Reserved.
Running: E:/vivado/Vivado/2019.1/bin/unwrapped/win64.o/xelab.exe -wto c3edce43b5124f04b972be0cad880520 --incr --debug typical --relax --mt 2 -L xil_defaultlib -L secureip --snapshot LED_tb_behav xil_defaultlib.LED_tb -log elaborate.log 
Using 2 slave threads.
Starting static elaboration
Completed static elaboration
Starting simulation data flow analysis
Completed simulation data flow analysis
Time Resolution for simulation is 1ps
Compiling package std.standard
Compiling package std.textio
Compiling package ieee.std_logic_1164
Compiling package ieee.std_logic_arith
Compiling package ieee.std_logic_unsigned
Compiling package xil_defaultlib.led_pack
Compiling architecture behavioral of entity xil_defaultlib.translator [translator_default]
Compiling architecture behavioral of entity xil_defaultlib.LED_STR [led_str_default]
Compiling architecture arcdisplay of entity xil_defaultlib.LED_Display [led_display_default]
Compiling architecture behavioral of entity xil_defaultlib.LED_TOP [led_top_default]
Compiling architecture behavioral of entity xil_defaultlib.led_tb
Built simulation snapshot LED_tb_behav
