#-----------------------------------------------------------
# Vivado v2019.1 (64-bit)
# SW Build 2552052 on Fri May 24 14:49:42 MDT 2019
# IP Build 2548770 on Fri May 24 18:01:18 MDT 2019
# Start of session at: Wed Oct 21 22:11:19 2020
# Process ID: 17360
# Current directory: C:/Users/Administrator/Desktop/VHDL_projects/Ex_3_vivado
# Command line: vivado.exe -gui_launcher_event rodinguilauncherevent18696 C:\Users\Administrator\Desktop\VHDL_projects\Ex_3_vivado\Ex_3.xpr
# Log file: C:/Users/Administrator/Desktop/VHDL_projects/Ex_3_vivado/vivado.log
# Journal file: C:/Users/Administrator/Desktop/VHDL_projects/Ex_3_vivado\vivado.jou
#-----------------------------------------------------------
start_gui
open_project C:/Users/Administrator/Desktop/VHDL_projects/Ex_3_vivado/Ex_3.xpr
Scanning sources...
Finished scanning sources
INFO: [IP_Flow 19-234] Refreshing IP repositories
INFO: [IP_Flow 19-1704] No user IP repositories specified
INFO: [IP_Flow 19-2313] Loaded Vivado IP repository 'E:/vivado/Vivado/2019.1/data/ip'.
open_project: Time (s): cpu = 00:00:12 ; elapsed = 00:00:06 . Memory (MB): peak = 676.012 ; gain = 60.285
update_compile_order -fileset sources_1
file mkdir C:/Users/Administrator/Desktop/VHDL_projects/Ex_3_vivado/Ex_3.srcs/sim_1/new
set_property SOURCE_SET sources_1 [get_filesets sim_1]
close [ open C:/Users/Administrator/Desktop/VHDL_projects/Ex_3_vivado/Ex_3.srcs/sim_1/new/LED_tb.vhd w ]
add_files -fileset sim_1 C:/Users/Administrator/Desktop/VHDL_projects/Ex_3_vivado/Ex_3.srcs/sim_1/new/LED_tb.vhd
update_compile_order -fileset sim_1
update_compile_order -fileset sim_1
update_compile_order -fileset sim_1
update_compile_order -fileset sim_1
launch_simulation
INFO: [Vivado 12-5682] Launching behavioral simulation in 'C:/Users/Administrator/Desktop/VHDL_projects/Ex_3_vivado/Ex_3.sim/sim_1/behav/xsim'
INFO: [SIM-utils-51] Simulation object is 'sim_1'
INFO: [SIM-utils-54] Inspecting design source files for 'LED_tb' in fileset 'sim_1'...
INFO: [USF-XSim-97] Finding global include files...
INFO: [USF-XSim-98] Fetching design files from 'sim_1'...
INFO: [USF-XSim-2] XSim::Compile design
INFO: [USF-XSim-61] Executing 'COMPILE and ANALYZE' step in 'C:/Users/Administrator/Desktop/VHDL_projects/Ex_3_vivado/Ex_3.sim/sim_1/behav/xsim'
"xvhdl --incr --relax -prj LED_tb_vhdl.prj"
INFO: [VRFC 10-163] Analyzing VHDL file "C:/Users/Administrator/Desktop/VHDL_projects/Ex_3_vivado/Ex_3.srcs/sources_1/new/LED_pack.vhd" into library xil_defaultlib
INFO: [VRFC 10-163] Analyzing VHDL file "C:/Users/Administrator/Desktop/VHDL_projects/Ex_3_vivado/Ex_3.srcs/sources_1/new/LED_Display.vhd" into library xil_defaultlib
INFO: [VRFC 10-3107] analyzing entity 'LED_Display'
INFO: [VRFC 10-163] Analyzing VHDL file "C:/Users/Administrator/Desktop/VHDL_projects/Ex_3_vivado/Ex_3.srcs/sources_1/new/translator.vhd" into library xil_defaultlib
INFO: [VRFC 10-3107] analyzing entity 'translator'
INFO: [VRFC 10-163] Analyzing VHDL file "C:/Users/Administrator/Desktop/VHDL_projects/Ex_3_vivado/Ex_3.srcs/sim_1/new/LED_tb.vhd" into library xil_defaultlib
INFO: [VRFC 10-3107] analyzing entity 'LED_tb'
INFO: [USF-XSim-69] 'compile' step finished in '5' seconds
INFO: [USF-XSim-3] XSim::Elaborate design
INFO: [USF-XSim-61] Executing 'ELABORATE' step in 'C:/Users/Administrator/Desktop/VHDL_projects/Ex_3_vivado/Ex_3.sim/sim_1/behav/xsim'
"xelab -wto c3edce43b5124f04b972be0cad880520 --incr --debug typical --relax --mt 2 -L xil_defaultlib -L secureip --snapshot LED_tb_behav xil_defaultlib.LED_tb -log elaborate.log"
Vivado Simulator 2019.1
Copyright 1986-1999, 2001-2019 Xilinx, Inc. All Rights Reserved.
Running: E:/vivado/Vivado/2019.1/bin/unwrapped/win64.o/xelab.exe -wto c3edce43b5124f04b972be0cad880520 --incr --debug typical --relax --mt 2 -L xil_defaultlib -L secureip --snapshot LED_tb_behav xil_defaultlib.LED_tb -log elaborate.log 
Using 2 slave threads.
Starting static elaboration
Completed static elaboration
Starting simulation data flow analysis
Completed simulation data flow analysis
Time Resolution for simulation is 1ps
Compiling package std.standard
Compiling package std.textio
Compiling package ieee.std_logic_1164
Compiling package ieee.std_logic_arith
Compiling package ieee.std_logic_unsigned
Compiling package xil_defaultlib.led_pack
Compiling architecture behavioral of entity xil_defaultlib.translator [translator_default]
Compiling architecture arcdisplay of entity xil_defaultlib.LED_Display [led_display_default]
Compiling architecture behavioral of entity xil_defaultlib.led_tb
Built simulation snapshot LED_tb_behav

****** Webtalk v2019.1 (64-bit)
  **** SW Build 2552052 on Fri May 24 14:49:42 MDT 2019
  **** IP Build 2548770 on Fri May 24 18:01:18 MDT 2019
    ** Copyright 1986-2019 Xilinx, Inc. All Rights Reserved.

source C:/Users/Administrator/Desktop/VHDL_projects/Ex_3_vivado/Ex_3.sim/sim_1/behav/xsim/xsim.dir/LED_tb_behav/webtalk/xsim_webtalk.tcl -notrace
INFO: [Common 17-186] 'C:/Users/Administrator/Desktop/VHDL_projects/Ex_3_vivado/Ex_3.sim/sim_1/behav/xsim/xsim.dir/LED_tb_behav/webtalk/usage_statistics_ext_xsim.xml' has been successfully sent to Xilinx on Wed Oct 21 22:36:15 2020. For additional details about this file, please refer to the WebTalk help file at E:/vivado/Vivado/2019.1/doc/webtalk_introduction.html.
INFO: [Common 17-206] Exiting Webtalk at Wed Oct 21 22:36:15 2020...
run_program: Time (s): cpu = 00:00:01 ; elapsed = 00:00:12 . Memory (MB): peak = 772.270 ; gain = 0.000
INFO: [USF-XSim-69] 'elaborate' step finished in '12' seconds
INFO: [USF-XSim-4] XSim::Simulate design
INFO: [USF-XSim-61] Executing 'SIMULATE' step in 'C:/Users/Administrator/Desktop/VHDL_projects/Ex_3_vivado/Ex_3.sim/sim_1/behav/xsim'
INFO: [USF-XSim-98] *** Running xsim
   with args "LED_tb_behav -key {Behavioral:sim_1:Functional:LED_tb} -tclbatch {LED_tb.tcl} -log {simulate.log}"
INFO: [USF-XSim-8] Loading simulator feature
Vivado Simulator 2019.1
Time resolution is 1 ps
source LED_tb.tcl
# set curr_wave [current_wave_config]
# if { [string length $curr_wave] == 0 } {
#   if { [llength [get_objects]] > 0} {
#     add_wave /
#     set_property needs_save false [current_wave_config]
#   } else {
#      send_msg_id Add_Wave-1 WARNING "No top level signals found. Simulator will start without a wave window. If you want to open a wave window go to 'File->New Waveform Configuration' or type 'create_wave_config' in the TCL console."
#   }
# }
# run 1000ns
xsim: Time (s): cpu = 00:00:12 ; elapsed = 00:00:06 . Memory (MB): peak = 811.746 ; gain = 25.766
INFO: [USF-XSim-96] XSim completed. Design snapshot 'LED_tb_behav' loaded.
INFO: [USF-XSim-97] XSim simulation ran for 1000ns
launch_simulation: Time (s): cpu = 00:00:15 ; elapsed = 00:00:24 . Memory (MB): peak = 811.746 ; gain = 39.477
relaunch_sim
suspend_sim: Time (s): cpu = 00:00:00 ; elapsed = 00:00:07 . Memory (MB): peak = 813.000 ; gain = 0.000
INFO: [Vivado 12-5682] Launching behavioral simulation in 'C:/Users/Administrator/Desktop/VHDL_projects/Ex_3_vivado/Ex_3.sim/sim_1/behav/xsim'
INFO: [SIM-utils-51] Simulation object is 'sim_1'
INFO: [SIM-utils-54] Inspecting design source files for 'LED_tb' in fileset 'sim_1'...
INFO: [USF-XSim-97] Finding global include files...
INFO: [USF-XSim-98] Fetching design files from 'sim_1'...
INFO: [USF-XSim-2] XSim::Compile design
INFO: [USF-XSim-61] Executing 'COMPILE and ANALYZE' step in 'C:/Users/Administrator/Desktop/VHDL_projects/Ex_3_vivado/Ex_3.sim/sim_1/behav/xsim'
"xvhdl --incr --relax -prj LED_tb_vhdl.prj"
INFO: [VRFC 10-163] Analyzing VHDL file "C:/Users/Administrator/Desktop/VHDL_projects/Ex_3_vivado/Ex_3.srcs/sim_1/new/LED_tb.vhd" into library xil_defaultlib
INFO: [VRFC 10-3107] analyzing entity 'LED_tb'
INFO: [USF-XSim-69] 'compile' step finished in '2' seconds
INFO: [Vivado 12-5682] Launching behavioral simulation in 'C:/Users/Administrator/Desktop/VHDL_projects/Ex_3_vivado/Ex_3.sim/sim_1/behav/xsim'
INFO: [USF-XSim-3] XSim::Elaborate design
INFO: [USF-XSim-61] Executing 'ELABORATE' step in 'C:/Users/Administrator/Desktop/VHDL_projects/Ex_3_vivado/Ex_3.sim/sim_1/behav/xsim'
"xelab -wto c3edce43b5124f04b972be0cad880520 --incr --debug typical --relax --mt 2 -L xil_defaultlib -L secureip --snapshot LED_tb_behav xil_defaultlib.LED_tb -log elaborate.log"
Vivado Simulator 2019.1
Copyright 1986-1999, 2001-2019 Xilinx, Inc. All Rights Reserved.
Running: E:/vivado/Vivado/2019.1/bin/unwrapped/win64.o/xelab.exe -wto c3edce43b5124f04b972be0cad880520 --incr --debug typical --relax --mt 2 -L xil_defaultlib -L secureip --snapshot LED_tb_behav xil_defaultlib.LED_tb -log elaborate.log 
Using 2 slave threads.
Starting static elaboration
Completed static elaboration
Starting simulation data flow analysis
Completed simulation data flow analysis
Time Resolution for simulation is 1ps
Compiling package std.standard
Compiling package std.textio
Compiling package ieee.std_logic_1164
Compiling package ieee.std_logic_arith
Compiling package ieee.std_logic_unsigned
Compiling package xil_defaultlib.led_pack
Compiling architecture behavioral of entity xil_defaultlib.translator [translator_default]
Compiling architecture arcdisplay of entity xil_defaultlib.LED_Display [led_display_default]
Compiling architecture behavioral of entity xil_defaultlib.led_tb
Built simulation snapshot LED_tb_behav
INFO: [USF-XSim-69] 'elaborate' step finished in '3' seconds
Vivado Simulator 2019.1
Time resolution is 1 ps
relaunch_sim: Time (s): cpu = 00:00:02 ; elapsed = 00:00:15 . Memory (MB): peak = 813.000 ; gain = 0.000
run 300 ns
restart
INFO: [Simtcl 6-17] Simulation restarted
run 300 ns
relaunch_sim
INFO: [Vivado 12-5682] Launching behavioral simulation in 'C:/Users/Administrator/Desktop/VHDL_projects/Ex_3_vivado/Ex_3.sim/sim_1/behav/xsim'
INFO: [SIM-utils-51] Simulation object is 'sim_1'
INFO: [SIM-utils-54] Inspecting design source files for 'LED_tb' in fileset 'sim_1'...
INFO: [USF-XSim-97] Finding global include files...
INFO: [USF-XSim-98] Fetching design files from 'sim_1'...
INFO: [USF-XSim-2] XSim::Compile design
INFO: [USF-XSim-61] Executing 'COMPILE and ANALYZE' step in 'C:/Users/Administrator/Desktop/VHDL_projects/Ex_3_vivado/Ex_3.sim/sim_1/behav/xsim'
"xvhdl --incr --relax -prj LED_tb_vhdl.prj"
INFO: [VRFC 10-163] Analyzing VHDL file "C:/Users/Administrator/Desktop/VHDL_projects/Ex_3_vivado/Ex_3.srcs/sources_1/new/LED_Display.vhd" into library xil_defaultlib
INFO: [VRFC 10-3107] analyzing entity 'LED_Display'
INFO: [USF-XSim-69] 'compile' step finished in '1' seconds
INFO: [Vivado 12-5682] Launching behavioral simulation in 'C:/Users/Administrator/Desktop/VHDL_projects/Ex_3_vivado/Ex_3.sim/sim_1/behav/xsim'
INFO: [USF-XSim-3] XSim::Elaborate design
INFO: [USF-XSim-61] Executing 'ELABORATE' step in 'C:/Users/Administrator/Desktop/VHDL_projects/Ex_3_vivado/Ex_3.sim/sim_1/behav/xsim'
"xelab -wto c3edce43b5124f04b972be0cad880520 --incr --debug typical --relax --mt 2 -L xil_defaultlib -L secureip --snapshot LED_tb_behav xil_defaultlib.LED_tb -log elaborate.log"
Vivado Simulator 2019.1
Copyright 1986-1999, 2001-2019 Xilinx, Inc. All Rights Reserved.
Running: E:/vivado/Vivado/2019.1/bin/unwrapped/win64.o/xelab.exe -wto c3edce43b5124f04b972be0cad880520 --incr --debug typical --relax --mt 2 -L xil_defaultlib -L secureip --snapshot LED_tb_behav xil_defaultlib.LED_tb -log elaborate.log 
Using 2 slave threads.
Starting static elaboration
Completed static elaboration
Starting simulation data flow analysis
Completed simulation data flow analysis
Time Resolution for simulation is 1ps
Compiling package std.standard
Compiling package std.textio
Compiling package ieee.std_logic_1164
Compiling package ieee.std_logic_arith
Compiling package ieee.std_logic_unsigned
Compiling package xil_defaultlib.led_pack
Compiling architecture behavioral of entity xil_defaultlib.translator [translator_default]
Compiling architecture arcdisplay of entity xil_defaultlib.LED_Display [led_display_default]
Compiling architecture behavioral of entity xil_defaultlib.led_tb
Built simulation snapshot LED_tb_behav
INFO: [USF-XSim-69] 'elaborate' step finished in '2' seconds
Vivado Simulator 2019.1
Time resolution is 1 ps
relaunch_sim: Time (s): cpu = 00:00:01 ; elapsed = 00:00:07 . Memory (MB): peak = 858.855 ; gain = 0.000
restart
INFO: [Simtcl 6-17] Simulation restarted
run 300 ns
close_sim
INFO: [Simtcl 6-16] Simulation closed
exit
INFO: [Common 17-206] Exiting Vivado at Wed Oct 21 22:46:01 2020...
