#-----------------------------------------------------------
# Vivado v2019.1 (64-bit)
# SW Build 2552052 on Fri May 24 14:49:42 MDT 2019
# IP Build 2548770 on Fri May 24 18:01:18 MDT 2019
# Start of session at: Sun Nov  1 09:12:36 2020
# Process ID: 16216
# Current directory: C:/Users/Administrator/Desktop/VHDL_projects/Codes/Electronic_System_Design/Ex_3_vivado
# Command line: vivado.exe -gui_launcher_event rodinguilauncherevent17532 C:\Users\Administrator\Desktop\VHDL_projects\Codes\Electronic_System_Design\Ex_3_vivado\Ex_3.xpr
# Log file: C:/Users/Administrator/Desktop/VHDL_projects/Codes/Electronic_System_Design/Ex_3_vivado/vivado.log
# Journal file: C:/Users/Administrator/Desktop/VHDL_projects/Codes/Electronic_System_Design/Ex_3_vivado\vivado.jou
#-----------------------------------------------------------
start_gui
open_project C:/Users/Administrator/Desktop/VHDL_projects/Codes/Electronic_System_Design/Ex_3_vivado/Ex_3.xpr
INFO: [ProjectBase 1-489] The host OS only allows 260 characters in a normal path. The project is stored in a path with more than 80 characters. If you experience issues with IP, Block Designs, or files not being found, please consider moving the project to a location with a shorter path. Alternately consider using the OS subst command to map part of the path to a drive letter.
Current project path is 'C:/Users/Administrator/Desktop/VHDL_projects/Codes/Electronic_System_Design/Ex_3_vivado'
Scanning sources...
Finished scanning sources
INFO: [IP_Flow 19-234] Refreshing IP repositories
INFO: [IP_Flow 19-1704] No user IP repositories specified
INFO: [IP_Flow 19-2313] Loaded Vivado IP repository 'E:/vivado/Vivado/2019.1/data/ip'.
open_project: Time (s): cpu = 00:00:12 ; elapsed = 00:00:09 . Memory (MB): peak = 660.480 ; gain = 56.805
update_compile_order -fileset sources_1
create_run impl_2 -parent_run synth_1 -flow {Vivado Implementation 2019} -strategy {Vivado Implementation Defaults} -report_strategy {Vivado Implementation Default Reports}
Run is defaulting to parent run srcset: sources_1
Run is defaulting to parent run constrset: constrs_1
Run is defaulting to parent run part: xc7a12ticsg325-1L
current_run [get_runs impl_2]
set_property target_language VHDL [current_project]
close [ open C:/Users/Administrator/Desktop/VHDL_projects/Codes/Electronic_System_Design/Ex_3_vivado/Ex_3.srcs/sources_1/new/LED_STR.vhd w ]
add_files C:/Users/Administrator/Desktop/VHDL_projects/Codes/Electronic_System_Design/Ex_3_vivado/Ex_3.srcs/sources_1/new/LED_STR.vhd
update_compile_order -fileset sources_1
exit
INFO: [Common 17-206] Exiting Vivado at Sun Nov  1 09:44:57 2020...
