Flow report for Ex_1
Sat Oct 17 19:22:53 2020
Quartus II 64-Bit Version 13.0.1 Build 232 06/12/2013 Service Pack 1 SJ Full Version


---------------------
; Table of Contents ;
---------------------
  1. Legal Notice
  2. Flow Summary
  3. Flow Settings
  4. Flow Non-Default Global Settings
  5. Flow Elapsed Time
  6. Flow OS Summary
  7. Flow Log
  8. Flow Messages
  9. Flow Suppressed Messages



----------------
; Legal Notice ;
----------------
Copyright (C) 1991-2013 Altera Corporation
Your use of Altera Corporation's design tools, logic functions 
and other software and tools, and its AMPP partner logic 
functions, and any output files from any of the foregoing 
(including device programming or simulation files), and any 
associated documentation or information are expressly subject 
to the terms and conditions of the Altera Program License 
Subscription Agreement, Altera MegaCore Function License 
Agreement, or other applicable license agreement, including, 
without limitation, that your use is for the sole purpose of 
programming logic devices manufactured by Altera and sold by 
Altera or its authorized distributors.  Please refer to the 
applicable agreement for further details.



+----------------------------------------------------------------------------------------+
; Flow Summary                                                                           ;
+-------------------------------------+--------------------------------------------------+
; Flow Status                         ; Successful - Sat Oct 17 19:22:53 2020            ;
; Quartus II 64-Bit Version           ; 13.0.1 Build 232 06/12/2013 SP 1 SJ Full Version ;
; Revision Name                       ; Ex_1                                             ;
; Top-level Entity Name               ; top                                              ;
; Family                              ; Cyclone V                                        ;
; Device                              ; 5CEFA2F23C8                                      ;
; Timing Models                       ; Final                                            ;
; Logic utilization (in ALMs)         ; 5 / 9,430 ( < 1 % )                              ;
; Total registers                     ; 0                                                ;
; Total pins                          ; 11 / 224 ( 5 % )                                 ;
; Total virtual pins                  ; 0                                                ;
; Total block memory bits             ; 0 / 1,802,240 ( 0 % )                            ;
; Total DSP Blocks                    ; 0 / 25 ( 0 % )                                   ;
; Total HSSI RX PCSs                  ; 0                                                ;
; Total HSSI PMA RX Deserializers     ; 0                                                ;
; Total HSSI PMA RX ATT Deserializers ; 0                                                ;
; Total HSSI TX PCSs                  ; 0                                                ;
; Total HSSI PMA TX Serializers       ; 0                                                ;
; Total HSSI PMA TX ATT Serializers   ; 0                                                ;
; Total PLLs                          ; 0 / 4 ( 0 % )                                    ;
; Total DLLs                          ; 0 / 4 ( 0 % )                                    ;
+-------------------------------------+--------------------------------------------------+


+-----------------------------------------+
; Flow Settings                           ;
+-------------------+---------------------+
; Option            ; Setting             ;
+-------------------+---------------------+
; Start date & time ; 10/17/2020 19:21:55 ;
; Main task         ; Compilation         ;
; Revision Name     ; Ex_1                ;
+-------------------+---------------------+


+-----------------------------------------------------------------------------------------------------------------------------+
; Flow Non-Default Global Settings                                                                                            ;
+--------------------------------------+---------------------------------------+---------------+-------------+----------------+
; Assignment Name                      ; Value                                 ; Default Value ; Entity Name ; Section Id     ;
+--------------------------------------+---------------------------------------+---------------+-------------+----------------+
; COMPILER_SIGNATURE_ID                ; 79965014793670.160293371517296        ; --            ; --          ; --             ;
; EDA_DESIGN_INSTANCE_NAME             ; NA                                    ; --            ; --          ; top_tb         ;
; EDA_NATIVELINK_SIMULATION_TEST_BENCH ; top_tb                                ; --            ; --          ; eda_simulation ;
; EDA_OUTPUT_DATA_FORMAT               ; Vhdl                                  ; --            ; --          ; eda_simulation ;
; EDA_SIMULATION_TOOL                  ; ModelSim (VHDL)                       ; <None>        ; --          ; --             ;
; EDA_TEST_BENCH_ENABLE_STATUS         ; TEST_BENCH_MODE                       ; --            ; --          ; eda_simulation ;
; EDA_TEST_BENCH_FILE                  ; top_tb.vhd                            ; --            ; --          ; top_tb         ;
; EDA_TEST_BENCH_MODULE_NAME           ; top_tb                                ; --            ; --          ; top_tb         ;
; EDA_TEST_BENCH_NAME                  ; top_tb                                ; --            ; --          ; eda_simulation ;
; EDA_TEST_BENCH_RUN_SIM_FOR           ; 1000 ns                               ; --            ; --          ; top_tb         ;
; EDA_TIME_SCALE                       ; 1 ps                                  ; --            ; --          ; eda_simulation ;
; MAX_CORE_JUNCTION_TEMP               ; 85                                    ; --            ; --          ; --             ;
; MIN_CORE_JUNCTION_TEMP               ; 0                                     ; --            ; --          ; --             ;
; PARTITION_COLOR                      ; 16764057                              ; --            ; top         ; Top            ;
; PARTITION_FITTER_PRESERVATION_LEVEL  ; PLACEMENT_AND_ROUTING                 ; --            ; top         ; Top            ;
; PARTITION_NETLIST_TYPE               ; SOURCE                                ; --            ; top         ; Top            ;
; POWER_BOARD_THERMAL_MODEL            ; None (CONSERVATIVE)                   ; --            ; --          ; --             ;
; POWER_PRESET_COOLING_SOLUTION        ; 23 MM HEAT SINK WITH 200 LFPM AIRFLOW ; --            ; --          ; --             ;
; PROJECT_OUTPUT_DIRECTORY             ; output_files                          ; --            ; --          ; --             ;
; TOP_LEVEL_ENTITY                     ; top                                   ; Ex_1          ; --          ; --             ;
+--------------------------------------+---------------------------------------+---------------+-------------+----------------+


+-------------------------------------------------------------------------------------------------------------------------------+
; Flow Elapsed Time                                                                                                             ;
+---------------------------+--------------+-------------------------+---------------------+------------------------------------+
; Module Name               ; Elapsed Time ; Average Processors Used ; Peak Virtual Memory ; Total CPU Time (on all processors) ;
+---------------------------+--------------+-------------------------+---------------------+------------------------------------+
; Analysis & Synthesis      ; 00:00:02     ; 1.0                     ; 4707 MB             ; 00:00:02                           ;
; Fitter                    ; 00:00:29     ; 1.2                     ; 6016 MB             ; 00:00:36                           ;
; Assembler                 ; 00:00:07     ; 1.0                     ; 4709 MB             ; 00:00:06                           ;
; TimeQuest Timing Analyzer ; 00:00:13     ; 1.0                     ; 5171 MB             ; 00:00:11                           ;
; EDA Netlist Writer        ; 00:00:02     ; 1.0                     ; 4589 MB             ; 00:00:01                           ;
; Total                     ; 00:00:53     ; --                      ; --                  ; 00:00:56                           ;
+---------------------------+--------------+-------------------------+---------------------+------------------------------------+


+----------------------------------------------------------------------------------------+
; Flow OS Summary                                                                        ;
+---------------------------+------------------+-----------+------------+----------------+
; Module Name               ; Machine Hostname ; OS Name   ; OS Version ; Processor type ;
+---------------------------+------------------+-----------+------------+----------------+
; Analysis & Synthesis      ; Lv               ; Windows 7 ; 6.2        ; x86_64         ;
; Fitter                    ; Lv               ; Windows 7 ; 6.2        ; x86_64         ;
; Assembler                 ; Lv               ; Windows 7 ; 6.2        ; x86_64         ;
; TimeQuest Timing Analyzer ; Lv               ; Windows 7 ; 6.2        ; x86_64         ;
; EDA Netlist Writer        ; Lv               ; Windows 7 ; 6.2        ; x86_64         ;
+---------------------------+------------------+-----------+------------+----------------+


------------
; Flow Log ;
------------
quartus_map --read_settings_files=on --write_settings_files=off Ex_1 -c Ex_1
quartus_fit --read_settings_files=off --write_settings_files=off Ex_1 -c Ex_1
quartus_asm --read_settings_files=off --write_settings_files=off Ex_1 -c Ex_1
quartus_sta Ex_1 -c Ex_1
quartus_eda --read_settings_files=off --write_settings_files=off Ex_1 -c Ex_1



